#
# There is insufficient memory for the Java Runtime Environment to continue.
# Native memory allocation (malloc) failed to allocate 988576 bytes for Chunk::new
# Possible reasons:
#   The system is out of physical RAM or swap space
#   The process is running with CompressedOops enabled, and the Java Heap may be blocking the growth of the native heap
# Possible solutions:
#   Reduce memory load on the system
#   Increase physical memory or swap space
#   Check if swap backing store is full
#   Decrease Java heap size (-Xmx/-Xms)
#   Decrease number of Java threads
#   Decrease Java thread stack sizes (-Xss)
#   Set larger code cache with -XX:ReservedCodeCacheSize=
#   JVM is running with Unscaled Compressed Oops mode in which the Java heap is
#     placed in the first 4GB address space. The Java Heap base address is the
#     maximum limit for the native heap growth. Please use -XX:HeapBaseMinAddress
#     to set the Java Heap base and to place the Java Heap above 4GB virtual address.
# This output file may be truncated or incomplete.
#
#  Out of Memory Error (./src/hotspot/share/memory/arena.cpp:197), pid=6988, tid=13876
#
# JRE version: OpenJDK Runtime Environment (11.0.11+9) (build 11.0.11+9-b60-7590822)
# Java VM: OpenJDK 64-Bit Server VM (11.0.11+9-b60-7590822, mixed mode, tiered, compressed oops, g1 gc, windows-amd64)
# No core dump will be written. Minidumps are not enabled by default on client versions of Windows
#

---------------  S U M M A R Y ------------

Command Line: --add-opens=java.base/java.util=ALL-UNNAMED --add-opens=java.base/java.lang=ALL-UNNAMED --add-opens=java.base/java.lang.invoke=ALL-UNNAMED --add-opens=java.base/java.util=ALL-UNNAMED --add-opens=java.prefs/java.util.prefs=ALL-UNNAMED --add-opens=java.prefs/java.util.prefs=ALL-UNNAMED --add-opens=java.base/java.nio.charset=ALL-UNNAMED --add-opens=java.base/java.net=ALL-UNNAMED --add-opens=java.base/java.util.concurrent.atomic=ALL-UNNAMED -Xmx2048m -Dfile.encoding=UTF-8 -Duser.country=US -Duser.language=en -Duser.variant org.gradle.launcher.daemon.bootstrap.GradleDaemon 7.2

Host: Intel(R) Core(TM) i5-8265U CPU @ 1.60GHz, 8 cores, 15G,  Windows 10 , 64 bit Build 22000 (10.0.22000.675)
Time: Tue Jun  7 16:39:43 2022 SE Asia Standard Time elapsed time: 15.215010 seconds (0d 0h 0m 15s)

---------------  T H R E A D  ---------------

Current thread (0x000002afcdd72800):  JavaThread "C2 CompilerThread1" daemon [_thread_in_native, id=13876, stack(0x000000d9e5d00000,0x000000d9e5e00000)]


Current CompileTask:
C2:  15215 2719       4       jdk.internal.loader.URLClassPath::getResource (74 bytes)

Stack: [0x000000d9e5d00000,0x000000d9e5e00000]
Native frames: (J=compiled Java code, j=interpreted, Vv=VM code, C=native code)
V  [jvm.dll+0x5f214a]
V  [jvm.dll+0x726fb5]
V  [jvm.dll+0x7285cd]
V  [jvm.dll+0x728c83]
V  [jvm.dll+0x243278]
V  [jvm.dll+0xbc53c]
V  [jvm.dll+0xbca3c]
V  [jvm.dll+0x2b5c34]
V  [jvm.dll+0x508488]
V  [jvm.dll+0x203d53]
V  [jvm.dll+0x1fdbac]
V  [jvm.dll+0x1fb35f]
V  [jvm.dll+0x183d6c]
V  [jvm.dll+0x209a57]
V  [jvm.dll+0x2082a1]
V  [jvm.dll+0x6ef58f]
V  [jvm.dll+0x6e80b5]
V  [jvm.dll+0x5f1036]
C  [ucrtbase.dll+0x26c0c]
C  [KERNEL32.DLL+0x154e0]
C  [ntdll.dll+0x485b]


---------------  P R O C E S S  ---------------

Threads class SMR info:
_java_thread_list=0x000002afcdc37e10, length=31, elements={
0x000002afaf49c000, 0x000002afcc150000, 0x000002afcc153000, 0x000002afcc1b1800,
0x000002afcc1b2800, 0x000002afcc1b3800, 0x000002afcc1b7000, 0x000002afcc1b8000,
0x000002afcc1bb800, 0x000002afcc321000, 0x000002afce9ab800, 0x000002afce87e800,
0x000002afcc676800, 0x000002afce2a5000, 0x000002afcd8be800, 0x000002afceab0000,
0x000002afce476000, 0x000002afce21f800, 0x000002afcd209000, 0x000002afcced6000,
0x000002afcced2800, 0x000002afcced3800, 0x000002afcced7800, 0x000002afcced1800,
0x000002afcced4000, 0x000002afcced5000, 0x000002afcced6800, 0x000002afcced8800,
0x000002afcf6e5800, 0x000002afcf6e8000, 0x000002afcdd72800
}

Java Threads: ( => current thread )
  0x000002afaf49c000 JavaThread "main" [_thread_blocked, id=4828, stack(0x000000d9e3200000,0x000000d9e3300000)]
  0x000002afcc150000 JavaThread "Reference Handler" daemon [_thread_blocked, id=8172, stack(0x000000d9e3a00000,0x000000d9e3b00000)]
  0x000002afcc153000 JavaThread "Finalizer" daemon [_thread_blocked, id=11544, stack(0x000000d9e3b00000,0x000000d9e3c00000)]
  0x000002afcc1b1800 JavaThread "Signal Dispatcher" daemon [_thread_blocked, id=8044, stack(0x000000d9e3c00000,0x000000d9e3d00000)]
  0x000002afcc1b2800 JavaThread "Attach Listener" daemon [_thread_blocked, id=5996, stack(0x000000d9e3d00000,0x000000d9e3e00000)]
  0x000002afcc1b3800 JavaThread "Service Thread" daemon [_thread_blocked, id=13184, stack(0x000000d9e3e00000,0x000000d9e3f00000)]
  0x000002afcc1b7000 JavaThread "C2 CompilerThread0" daemon [_thread_blocked, id=4584, stack(0x000000d9e3f00000,0x000000d9e4000000)]
  0x000002afcc1b8000 JavaThread "C1 CompilerThread0" daemon [_thread_blocked, id=18864, stack(0x000000d9e4000000,0x000000d9e4100000)]
  0x000002afcc1bb800 JavaThread "Sweeper thread" daemon [_thread_blocked, id=12544, stack(0x000000d9e4100000,0x000000d9e4200000)]
  0x000002afcc321000 JavaThread "Common-Cleaner" daemon [_thread_blocked, id=4020, stack(0x000000d9e4200000,0x000000d9e4300000)]
  0x000002afce9ab800 JavaThread "Daemon health stats" [_thread_blocked, id=2220, stack(0x000000d9e4b00000,0x000000d9e4c00000)]
  0x000002afce87e800 JavaThread "Incoming local TCP Connector on port 52845" [_thread_in_native, id=16980, stack(0x000000d9e4400000,0x000000d9e4500000)]
  0x000002afcc676800 JavaThread "Daemon periodic checks" [_thread_blocked, id=17396, stack(0x000000d9e4a00000,0x000000d9e4b00000)]
  0x000002afce2a5000 JavaThread "Daemon" [_thread_blocked, id=7020, stack(0x000000d9e4c00000,0x000000d9e4d00000)]
  0x000002afcd8be800 JavaThread "Handler for socket connection from /127.0.0.1:52845 to /127.0.0.1:52846" [_thread_in_native, id=12708, stack(0x000000d9e4d00000,0x000000d9e4e00000)]
  0x000002afceab0000 JavaThread "Cancel handler" [_thread_blocked, id=17724, stack(0x000000d9e4e00000,0x000000d9e4f00000)]
  0x000002afce476000 JavaThread "Daemon worker" [_thread_in_vm, id=10128, stack(0x000000d9e4f00000,0x000000d9e5000000)]
  0x000002afce21f800 JavaThread "Asynchronous log dispatcher for DefaultDaemonConnection: socket connection from /127.0.0.1:52845 to /127.0.0.1:52846" [_thread_blocked, id=17496, stack(0x000000d9e5000000,0x000000d9e5100000)]
  0x000002afcd209000 JavaThread "Stdin handler" [_thread_blocked, id=12936, stack(0x000000d9e5100000,0x000000d9e5200000)]
  0x000002afcced6000 JavaThread "Daemon client event forwarder" [_thread_blocked, id=10748, stack(0x000000d9e5200000,0x000000d9e5300000)]
  0x000002afcced2800 JavaThread "Cache worker for journal cache (C:\Users\DELL\.gradle\caches\journal-1)" [_thread_blocked, id=13292, stack(0x000000d9e5300000,0x000000d9e5400000)]
  0x000002afcced3800 JavaThread "File lock request listener" [_thread_in_native, id=5536, stack(0x000000d9e5400000,0x000000d9e5500000)]
  0x000002afcced7800 JavaThread "Cache worker for file hash cache (C:\Users\DELL\.gradle\caches\7.2\fileHashes)" [_thread_blocked, id=9964, stack(0x000000d9e5500000,0x000000d9e5600000)]
  0x000002afcced1800 JavaThread "Cache worker for file hash cache (C:\android1\FastFoodOrderStore\.gradle\7.2\fileHashes)" [_thread_blocked, id=2032, stack(0x000000d9e5a00000,0x000000d9e5b00000)]
  0x000002afcced4000 JavaThread "File watcher server" daemon [_thread_in_native, id=14884, stack(0x000000d9e5b00000,0x000000d9e5c00000)]
  0x000002afcced5000 JavaThread "File watcher consumer" daemon [_thread_blocked, id=15628, stack(0x000000d9e5c00000,0x000000d9e5d00000)]
  0x000002afcced6800 JavaThread "Cache worker for checksums cache (C:\android1\FastFoodOrderStore\.gradle\checksums)" [_thread_blocked, id=12488, stack(0x000000d9e5e00000,0x000000d9e5f00000)]
  0x000002afcced8800 JavaThread "Cache worker for cache directory md-supplier (C:\Users\DELL\.gradle\caches\7.2\md-supplier)" [_thread_blocked, id=12540, stack(0x000000d9e5f00000,0x000000d9e6000000)]
  0x000002afcf6e5800 JavaThread "Cache worker for cache directory md-rule (C:\Users\DELL\.gradle\caches\7.2\md-rule)" [_thread_blocked, id=17540, stack(0x000000d9e6000000,0x000000d9e6100000)]
  0x000002afcf6e8000 JavaThread "Cache worker for execution history cache (C:\Users\DELL\.gradle\caches\7.2\executionHistory)" [_thread_blocked, id=15380, stack(0x000000d9e6100000,0x000000d9e6200000)]
=>0x000002afcdd72800 JavaThread "C2 CompilerThread1" daemon [_thread_in_native, id=13876, stack(0x000000d9e5d00000,0x000000d9e5e00000)]

Other Threads:
  0x000002afcb91c800 VMThread "VM Thread" [stack: 0x000000d9e3900000,0x000000d9e3a00000] [id=17624]
  0x000002afcc354000 WatcherThread [stack: 0x000000d9e4300000,0x000000d9e4400000] [id=12736]
  0x000002afaf4b8000 GCTaskThread "GC Thread#0" [stack: 0x000000d9e3400000,0x000000d9e3500000] [id=14040]
  0x000002afcc6fc800 GCTaskThread "GC Thread#1" [stack: 0x000000d9e4500000,0x000000d9e4600000] [id=10144]
  0x000002afcce64800 GCTaskThread "GC Thread#2" [stack: 0x000000d9e4600000,0x000000d9e4700000] [id=3744]
  0x000002afcd1f1000 GCTaskThread "GC Thread#3" [stack: 0x000000d9e4700000,0x000000d9e4800000] [id=2108]
  0x000002afcd0c8800 GCTaskThread "GC Thread#4" [stack: 0x000000d9e4800000,0x000000d9e4900000] [id=12332]
  0x000002afccd63000 GCTaskThread "GC Thread#5" [stack: 0x000000d9e4900000,0x000000d9e4a00000] [id=17348]
  0x000002afcd231800 GCTaskThread "GC Thread#6" [stack: 0x000000d9e5600000,0x000000d9e5700000] [id=12856]
  0x000002afcd6db000 GCTaskThread "GC Thread#7" [stack: 0x000000d9e5700000,0x000000d9e5800000] [id=10732]
  0x000002afaf4ea000 ConcurrentGCThread "G1 Main Marker" [stack: 0x000000d9e3500000,0x000000d9e3600000] [id=3028]
  0x000002afaf4eb000 ConcurrentGCThread "G1 Conc#0" [stack: 0x000000d9e3600000,0x000000d9e3700000] [id=8092]
  0x000002afcc826000 ConcurrentGCThread "G1 Conc#1" [stack: 0x000000d9e5900000,0x000000d9e5a00000] [id=14308]
  0x000002afcb79c800 ConcurrentGCThread "G1 Refine#0" [stack: 0x000000d9e3700000,0x000000d9e3800000] [id=16144]
  0x000002afcf2ce800 ConcurrentGCThread "G1 Refine#1" [stack: 0x000000d9e5800000,0x000000d9e5900000] [id=15176]
  0x000002afaf57e800 ConcurrentGCThread "G1 Young RemSet Sampling" [stack: 0x000000d9e3800000,0x000000d9e3900000] [id=15516]

Threads with active compile tasks:
C2 CompilerThread1  15237 2719       4       jdk.internal.loader.URLClassPath::getResource (74 bytes)

VM state:not at safepoint (normal execution)

VM Mutex/Monitor currently owned by a thread: None

Heap address: 0x0000000080000000, size: 2048 MB, Compressed Oops mode: 32-bit
Narrow klass base: 0x0000000000000000, Narrow klass shift: 3
Compressed class space size: 1073741824 Address: 0x0000000100000000

Heap:
 garbage-first heap   total 262144K, used 104698K [0x0000000080000000, 0x0000000100000000)
  region size 1024K, 87 young (89088K), 1 survivors (1024K)
 Metaspace       used 33488K, capacity 34226K, committed 34432K, reserved 1079296K
  class space    used 4335K, capacity 4639K, committed 4736K, reserved 1048576K
Heap Regions: E=young(eden), S=young(survivor), O=old, HS=humongous(starts), HC=humongous(continues), CS=collection set, F=free, A=archive, TAMS=top-at-mark-start (previous, next)
|   0|0x0000000080000000, 0x0000000080100000, 0x0000000080100000|100%| O|  |TAMS 0x0000000080000000, 0x0000000080000000| Untracked 
|   1|0x0000000080100000, 0x0000000080200000, 0x0000000080200000|100%| O|  |TAMS 0x0000000080100000, 0x0000000080100000| Untracked 
|   2|0x0000000080200000, 0x0000000080300000, 0x0000000080300000|100%| O|  |TAMS 0x0000000080200000, 0x0000000080200000| Untracked 
|   3|0x0000000080300000, 0x0000000080400000, 0x0000000080400000|100%|HS|  |TAMS 0x0000000080400000, 0x0000000080300000| Complete 
|   4|0x0000000080400000, 0x0000000080500000, 0x0000000080500000|100%|HC|  |TAMS 0x0000000080500000, 0x0000000080400000| Complete 
|   5|0x0000000080500000, 0x0000000080600000, 0x0000000080600000|100%|HC|  |TAMS 0x0000000080600000, 0x0000000080500000| Complete 
|   6|0x0000000080600000, 0x0000000080700000, 0x0000000080700000|100%| O|  |TAMS 0x0000000080700000, 0x0000000080600000| Untracked 
|   7|0x0000000080700000, 0x0000000080800000, 0x0000000080800000|100%| O|  |TAMS 0x0000000080800000, 0x0000000080700000| Untracked 
|   8|0x0000000080800000, 0x0000000080900000, 0x0000000080900000|100%| O|  |TAMS 0x0000000080900000, 0x0000000080800000| Untracked 
|   9|0x0000000080900000, 0x0000000080a00000, 0x0000000080a00000|100%| O|  |TAMS 0x0000000080924a00, 0x0000000080900000| Untracked 
|  10|0x0000000080a00000, 0x0000000080b00000, 0x0000000080b00000|100%| O|  |TAMS 0x0000000080a00000, 0x0000000080a00000| Untracked 
|  11|0x0000000080b00000, 0x0000000080c00000, 0x0000000080c00000|100%| O|  |TAMS 0x0000000080b00000, 0x0000000080b00000| Untracked 
|  12|0x0000000080c00000, 0x0000000080d00000, 0x0000000080d00000|100%| O|  |TAMS 0x0000000080c00000, 0x0000000080c00000| Untracked 
|  13|0x0000000080d00000, 0x0000000080e00000, 0x0000000080e00000|100%| O|  |TAMS 0x0000000080d00000, 0x0000000080d00000| Untracked 
|  14|0x0000000080e00000, 0x0000000080f00000, 0x0000000080f00000|100%| O|  |TAMS 0x0000000080e00000, 0x0000000080e00000| Untracked 
|  15|0x0000000080f00000, 0x0000000081000000, 0x0000000081000000|100%| O|  |TAMS 0x0000000080f00000, 0x0000000080f00000| Untracked 
|  16|0x0000000081000000, 0x000000008103ea00, 0x0000000081100000| 24%| O|  |TAMS 0x0000000081000000, 0x0000000081000000| Untracked 
|  17|0x0000000081100000, 0x0000000081100000, 0x0000000081200000|  0%| F|  |TAMS 0x0000000081100000, 0x0000000081100000| Untracked 
|  18|0x0000000081200000, 0x0000000081200000, 0x0000000081300000|  0%| F|  |TAMS 0x0000000081200000, 0x0000000081200000| Untracked 
|  19|0x0000000081300000, 0x0000000081300000, 0x0000000081400000|  0%| F|  |TAMS 0x0000000081300000, 0x0000000081300000| Untracked 
|  20|0x0000000081400000, 0x0000000081400000, 0x0000000081500000|  0%| F|  |TAMS 0x0000000081400000, 0x0000000081400000| Untracked 
|  21|0x0000000081500000, 0x0000000081500000, 0x0000000081600000|  0%| F|  |TAMS 0x0000000081500000, 0x0000000081500000| Untracked 
|  22|0x0000000081600000, 0x0000000081600000, 0x0000000081700000|  0%| F|  |TAMS 0x0000000081600000, 0x0000000081600000| Untracked 
|  23|0x0000000081700000, 0x0000000081700000, 0x0000000081800000|  0%| F|  |TAMS 0x0000000081700000, 0x0000000081700000| Untracked 
|  24|0x0000000081800000, 0x0000000081800000, 0x0000000081900000|  0%| F|  |TAMS 0x0000000081800000, 0x0000000081800000| Untracked 
|  25|0x0000000081900000, 0x0000000081900000, 0x0000000081a00000|  0%| F|  |TAMS 0x0000000081900000, 0x0000000081900000| Untracked 
|  26|0x0000000081a00000, 0x0000000081a00000, 0x0000000081b00000|  0%| F|  |TAMS 0x0000000081a00000, 0x0000000081a00000| Untracked 
|  27|0x0000000081b00000, 0x0000000081b00000, 0x0000000081c00000|  0%| F|  |TAMS 0x0000000081b00000, 0x0000000081b00000| Untracked 
|  28|0x0000000081c00000, 0x0000000081c00000, 0x0000000081d00000|  0%| F|  |TAMS 0x0000000081c00000, 0x0000000081c00000| Untracked 
|  29|0x0000000081d00000, 0x0000000081d00000, 0x0000000081e00000|  0%| F|  |TAMS 0x0000000081d00000, 0x0000000081d00000| Untracked 
|  30|0x0000000081e00000, 0x0000000081e00000, 0x0000000081f00000|  0%| F|  |TAMS 0x0000000081e00000, 0x0000000081e00000| Untracked 
|  31|0x0000000081f00000, 0x0000000081f00000, 0x0000000082000000|  0%| F|  |TAMS 0x0000000081f00000, 0x0000000081f00000| Untracked 
|  32|0x0000000082000000, 0x0000000082000000, 0x0000000082100000|  0%| F|  |TAMS 0x0000000082000000, 0x0000000082000000| Untracked 
|  33|0x0000000082100000, 0x0000000082100000, 0x0000000082200000|  0%| F|  |TAMS 0x0000000082100000, 0x0000000082100000| Untracked 
|  34|0x0000000082200000, 0x0000000082200000, 0x0000000082300000|  0%| F|  |TAMS 0x0000000082200000, 0x0000000082200000| Untracked 
|  35|0x0000000082300000, 0x0000000082300000, 0x0000000082400000|  0%| F|  |TAMS 0x0000000082300000, 0x0000000082300000| Untracked 
|  36|0x0000000082400000, 0x0000000082400000, 0x0000000082500000|  0%| F|  |TAMS 0x0000000082400000, 0x0000000082400000| Untracked 
|  37|0x0000000082500000, 0x0000000082500000, 0x0000000082600000|  0%| F|  |TAMS 0x0000000082500000, 0x0000000082500000| Untracked 
|  38|0x0000000082600000, 0x0000000082600000, 0x0000000082700000|  0%| F|  |TAMS 0x0000000082600000, 0x0000000082600000| Untracked 
|  39|0x0000000082700000, 0x0000000082700000, 0x0000000082800000|  0%| F|  |TAMS 0x0000000082700000, 0x0000000082700000| Untracked 
|  40|0x0000000082800000, 0x0000000082800000, 0x0000000082900000|  0%| F|  |TAMS 0x0000000082800000, 0x0000000082800000| Untracked 
|  41|0x0000000082900000, 0x0000000082900000, 0x0000000082a00000|  0%| F|  |TAMS 0x0000000082900000, 0x0000000082900000| Untracked 
|  42|0x0000000082a00000, 0x0000000082a00000, 0x0000000082b00000|  0%| F|  |TAMS 0x0000000082a00000, 0x0000000082a00000| Untracked 
|  43|0x0000000082b00000, 0x0000000082b00000, 0x0000000082c00000|  0%| F|  |TAMS 0x0000000082b00000, 0x0000000082b00000| Untracked 
|  44|0x0000000082c00000, 0x0000000082c00000, 0x0000000082d00000|  0%| F|  |TAMS 0x0000000082c00000, 0x0000000082c00000| Untracked 
|  45|0x0000000082d00000, 0x0000000082d00000, 0x0000000082e00000|  0%| F|  |TAMS 0x0000000082d00000, 0x0000000082d00000| Untracked 
|  46|0x0000000082e00000, 0x0000000082e00000, 0x0000000082f00000|  0%| F|  |TAMS 0x0000000082e00000, 0x0000000082e00000| Untracked 
|  47|0x0000000082f00000, 0x0000000082f00000, 0x0000000083000000|  0%| F|  |TAMS 0x0000000082f00000, 0x0000000082f00000| Untracked 
|  48|0x0000000083000000, 0x0000000083000000, 0x0000000083100000|  0%| F|  |TAMS 0x0000000083000000, 0x0000000083000000| Untracked 
|  49|0x0000000083100000, 0x0000000083100000, 0x0000000083200000|  0%| F|  |TAMS 0x0000000083100000, 0x0000000083100000| Untracked 
|  50|0x0000000083200000, 0x0000000083200000, 0x0000000083300000|  0%| F|  |TAMS 0x0000000083200000, 0x0000000083200000| Untracked 
|  51|0x0000000083300000, 0x0000000083300000, 0x0000000083400000|  0%| F|  |TAMS 0x0000000083300000, 0x0000000083300000| Untracked 
|  52|0x0000000083400000, 0x0000000083400000, 0x0000000083500000|  0%| F|  |TAMS 0x0000000083400000, 0x0000000083400000| Untracked 
|  53|0x0000000083500000, 0x0000000083500000, 0x0000000083600000|  0%| F|  |TAMS 0x0000000083500000, 0x0000000083500000| Untracked 
|  54|0x0000000083600000, 0x0000000083600000, 0x0000000083700000|  0%| F|  |TAMS 0x0000000083600000, 0x0000000083600000| Untracked 
|  55|0x0000000083700000, 0x0000000083700000, 0x0000000083800000|  0%| F|  |TAMS 0x0000000083700000, 0x0000000083700000| Untracked 
|  56|0x0000000083800000, 0x0000000083800000, 0x0000000083900000|  0%| F|  |TAMS 0x0000000083800000, 0x0000000083800000| Untracked 
|  57|0x0000000083900000, 0x0000000083900000, 0x0000000083a00000|  0%| F|  |TAMS 0x0000000083900000, 0x0000000083900000| Untracked 
|  58|0x0000000083a00000, 0x0000000083a00000, 0x0000000083b00000|  0%| F|  |TAMS 0x0000000083a00000, 0x0000000083a00000| Untracked 
|  59|0x0000000083b00000, 0x0000000083b00000, 0x0000000083c00000|  0%| F|  |TAMS 0x0000000083b00000, 0x0000000083b00000| Untracked 
|  60|0x0000000083c00000, 0x0000000083c00000, 0x0000000083d00000|  0%| F|  |TAMS 0x0000000083c00000, 0x0000000083c00000| Untracked 
|  61|0x0000000083d00000, 0x0000000083d00000, 0x0000000083e00000|  0%| F|  |TAMS 0x0000000083d00000, 0x0000000083d00000| Untracked 
|  62|0x0000000083e00000, 0x0000000083e00000, 0x0000000083f00000|  0%| F|  |TAMS 0x0000000083e00000, 0x0000000083e00000| Untracked 
|  63|0x0000000083f00000, 0x0000000083f00000, 0x0000000084000000|  0%| F|  |TAMS 0x0000000083f00000, 0x0000000083f00000| Untracked 
|  64|0x0000000084000000, 0x0000000084000000, 0x0000000084100000|  0%| F|  |TAMS 0x0000000084000000, 0x0000000084000000| Untracked 
|  65|0x0000000084100000, 0x0000000084100000, 0x0000000084200000|  0%| F|  |TAMS 0x0000000084100000, 0x0000000084100000| Untracked 
|  66|0x0000000084200000, 0x0000000084200000, 0x0000000084300000|  0%| F|  |TAMS 0x0000000084200000, 0x0000000084200000| Untracked 
|  67|0x0000000084300000, 0x0000000084300000, 0x0000000084400000|  0%| F|  |TAMS 0x0000000084300000, 0x0000000084300000| Untracked 
|  68|0x0000000084400000, 0x0000000084400000, 0x0000000084500000|  0%| F|  |TAMS 0x0000000084400000, 0x0000000084400000| Untracked 
|  69|0x0000000084500000, 0x0000000084500000, 0x0000000084600000|  0%| F|  |TAMS 0x0000000084500000, 0x0000000084500000| Untracked 
|  70|0x0000000084600000, 0x0000000084600000, 0x0000000084700000|  0%| F|  |TAMS 0x0000000084600000, 0x0000000084600000| Untracked 
|  71|0x0000000084700000, 0x0000000084700000, 0x0000000084800000|  0%| F|  |TAMS 0x0000000084700000, 0x0000000084700000| Untracked 
|  72|0x0000000084800000, 0x0000000084800000, 0x0000000084900000|  0%| F|  |TAMS 0x0000000084800000, 0x0000000084800000| Untracked 
|  73|0x0000000084900000, 0x0000000084900000, 0x0000000084a00000|  0%| F|  |TAMS 0x0000000084900000, 0x0000000084900000| Untracked 
|  74|0x0000000084a00000, 0x0000000084a00000, 0x0000000084b00000|  0%| F|  |TAMS 0x0000000084a00000, 0x0000000084a00000| Untracked 
|  75|0x0000000084b00000, 0x0000000084b00000, 0x0000000084c00000|  0%| F|  |TAMS 0x0000000084b00000, 0x0000000084b00000| Untracked 
|  76|0x0000000084c00000, 0x0000000084c00000, 0x0000000084d00000|  0%| F|  |TAMS 0x0000000084c00000, 0x0000000084c00000| Untracked 
|  77|0x0000000084d00000, 0x0000000084d00000, 0x0000000084e00000|  0%| F|  |TAMS 0x0000000084d00000, 0x0000000084d00000| Untracked 
|  78|0x0000000084e00000, 0x0000000084e00000, 0x0000000084f00000|  0%| F|  |TAMS 0x0000000084e00000, 0x0000000084e00000| Untracked 
|  79|0x0000000084f00000, 0x0000000084f00000, 0x0000000085000000|  0%| F|  |TAMS 0x0000000084f00000, 0x0000000084f00000| Untracked 
|  80|0x0000000085000000, 0x0000000085000000, 0x0000000085100000|  0%| F|  |TAMS 0x0000000085000000, 0x0000000085000000| Untracked 
|  81|0x0000000085100000, 0x0000000085100000, 0x0000000085200000|  0%| F|  |TAMS 0x0000000085100000, 0x0000000085100000| Untracked 
|  82|0x0000000085200000, 0x0000000085200000, 0x0000000085300000|  0%| F|  |TAMS 0x0000000085200000, 0x0000000085200000| Untracked 
|  83|0x0000000085300000, 0x0000000085300000, 0x0000000085400000|  0%| F|  |TAMS 0x0000000085300000, 0x0000000085300000| Untracked 
|  84|0x0000000085400000, 0x0000000085400000, 0x0000000085500000|  0%| F|  |TAMS 0x0000000085400000, 0x0000000085400000| Untracked 
|  85|0x0000000085500000, 0x0000000085500000, 0x0000000085600000|  0%| F|  |TAMS 0x0000000085500000, 0x0000000085500000| Untracked 
|  86|0x0000000085600000, 0x0000000085600000, 0x0000000085700000|  0%| F|  |TAMS 0x0000000085600000, 0x0000000085600000| Untracked 
|  87|0x0000000085700000, 0x0000000085700000, 0x0000000085800000|  0%| F|  |TAMS 0x0000000085700000, 0x0000000085700000| Untracked 
|  88|0x0000000085800000, 0x0000000085800000, 0x0000000085900000|  0%| F|  |TAMS 0x0000000085800000, 0x0000000085800000| Untracked 
|  89|0x0000000085900000, 0x0000000085900000, 0x0000000085a00000|  0%| F|  |TAMS 0x0000000085900000, 0x0000000085900000| Untracked 
|  90|0x0000000085a00000, 0x0000000085a00000, 0x0000000085b00000|  0%| F|  |TAMS 0x0000000085a00000, 0x0000000085a00000| Untracked 
|  91|0x0000000085b00000, 0x0000000085b00000, 0x0000000085c00000|  0%| F|  |TAMS 0x0000000085b00000, 0x0000000085b00000| Untracked 
|  92|0x0000000085c00000, 0x0000000085c00000, 0x0000000085d00000|  0%| F|  |TAMS 0x0000000085c00000, 0x0000000085c00000| Untracked 
|  93|0x0000000085d00000, 0x0000000085d00000, 0x0000000085e00000|  0%| F|  |TAMS 0x0000000085d00000, 0x0000000085d00000| Untracked 
|  94|0x0000000085e00000, 0x0000000085e00000, 0x0000000085f00000|  0%| F|  |TAMS 0x0000000085e00000, 0x0000000085e00000| Untracked 
|  95|0x0000000085f00000, 0x0000000085f00000, 0x0000000086000000|  0%| F|  |TAMS 0x0000000085f00000, 0x0000000085f00000| Untracked 
|  96|0x0000000086000000, 0x0000000086000000, 0x0000000086100000|  0%| F|  |TAMS 0x0000000086000000, 0x0000000086000000| Untracked 
|  97|0x0000000086100000, 0x0000000086100000, 0x0000000086200000|  0%| F|  |TAMS 0x0000000086100000, 0x0000000086100000| Untracked 
|  98|0x0000000086200000, 0x0000000086200000, 0x0000000086300000|  0%| F|  |TAMS 0x0000000086200000, 0x0000000086200000| Untracked 
|  99|0x0000000086300000, 0x0000000086300000, 0x0000000086400000|  0%| F|  |TAMS 0x0000000086300000, 0x0000000086300000| Untracked 
| 100|0x0000000086400000, 0x0000000086400000, 0x0000000086500000|  0%| F|  |TAMS 0x0000000086400000, 0x0000000086400000| Untracked 
| 101|0x0000000086500000, 0x0000000086500000, 0x0000000086600000|  0%| F|  |TAMS 0x0000000086500000, 0x0000000086500000| Untracked 
| 102|0x0000000086600000, 0x0000000086600000, 0x0000000086700000|  0%| F|  |TAMS 0x0000000086600000, 0x0000000086600000| Untracked 
| 103|0x0000000086700000, 0x0000000086700000, 0x0000000086800000|  0%| F|  |TAMS 0x0000000086700000, 0x0000000086700000| Untracked 
| 104|0x0000000086800000, 0x0000000086800000, 0x0000000086900000|  0%| F|  |TAMS 0x0000000086800000, 0x0000000086800000| Untracked 
| 105|0x0000000086900000, 0x0000000086900000, 0x0000000086a00000|  0%| F|  |TAMS 0x0000000086900000, 0x0000000086900000| Untracked 
| 106|0x0000000086a00000, 0x0000000086a00000, 0x0000000086b00000|  0%| F|  |TAMS 0x0000000086a00000, 0x0000000086a00000| Untracked 
| 107|0x0000000086b00000, 0x0000000086b00000, 0x0000000086c00000|  0%| F|  |TAMS 0x0000000086b00000, 0x0000000086b00000| Untracked 
| 108|0x0000000086c00000, 0x0000000086c00000, 0x0000000086d00000|  0%| F|  |TAMS 0x0000000086c00000, 0x0000000086c00000| Untracked 
| 109|0x0000000086d00000, 0x0000000086d00000, 0x0000000086e00000|  0%| F|  |TAMS 0x0000000086d00000, 0x0000000086d00000| Untracked 
| 110|0x0000000086e00000, 0x0000000086e00000, 0x0000000086f00000|  0%| F|  |TAMS 0x0000000086e00000, 0x0000000086e00000| Untracked 
| 111|0x0000000086f00000, 0x0000000086f00000, 0x0000000087000000|  0%| F|  |TAMS 0x0000000086f00000, 0x0000000086f00000| Untracked 
| 112|0x0000000087000000, 0x0000000087000000, 0x0000000087100000|  0%| F|  |TAMS 0x0000000087000000, 0x0000000087000000| Untracked 
| 113|0x0000000087100000, 0x0000000087100000, 0x0000000087200000|  0%| F|  |TAMS 0x0000000087100000, 0x0000000087100000| Untracked 
| 114|0x0000000087200000, 0x0000000087200000, 0x0000000087300000|  0%| F|  |TAMS 0x0000000087200000, 0x0000000087200000| Untracked 
| 115|0x0000000087300000, 0x0000000087300000, 0x0000000087400000|  0%| F|  |TAMS 0x0000000087300000, 0x0000000087300000| Untracked 
| 116|0x0000000087400000, 0x0000000087400000, 0x0000000087500000|  0%| F|  |TAMS 0x0000000087400000, 0x0000000087400000| Untracked 
| 117|0x0000000087500000, 0x0000000087500000, 0x0000000087600000|  0%| F|  |TAMS 0x0000000087500000, 0x0000000087500000| Untracked 
| 118|0x0000000087600000, 0x0000000087600000, 0x0000000087700000|  0%| F|  |TAMS 0x0000000087600000, 0x0000000087600000| Untracked 
| 119|0x0000000087700000, 0x0000000087700000, 0x0000000087800000|  0%| F|  |TAMS 0x0000000087700000, 0x0000000087700000| Untracked 
| 120|0x0000000087800000, 0x0000000087800000, 0x0000000087900000|  0%| F|  |TAMS 0x0000000087800000, 0x0000000087800000| Untracked 
| 121|0x0000000087900000, 0x0000000087900000, 0x0000000087a00000|  0%| F|  |TAMS 0x0000000087900000, 0x0000000087900000| Untracked 
| 122|0x0000000087a00000, 0x0000000087a00000, 0x0000000087b00000|  0%| F|  |TAMS 0x0000000087a00000, 0x0000000087a00000| Untracked 
| 123|0x0000000087b00000, 0x0000000087b00000, 0x0000000087c00000|  0%| F|  |TAMS 0x0000000087b00000, 0x0000000087b00000| Untracked 
| 124|0x0000000087c00000, 0x0000000087c00000, 0x0000000087d00000|  0%| F|  |TAMS 0x0000000087c00000, 0x0000000087c00000| Untracked 
| 125|0x0000000087d00000, 0x0000000087d00000, 0x0000000087e00000|  0%| F|  |TAMS 0x0000000087d00000, 0x0000000087d00000| Untracked 
| 126|0x0000000087e00000, 0x0000000087e00000, 0x0000000087f00000|  0%| F|  |TAMS 0x0000000087e00000, 0x0000000087e00000| Untracked 
| 127|0x0000000087f00000, 0x0000000087f00000, 0x0000000088000000|  0%| F|  |TAMS 0x0000000087f00000, 0x0000000087f00000| Untracked 
| 128|0x0000000088000000, 0x0000000088000000, 0x0000000088100000|  0%| F|  |TAMS 0x0000000088000000, 0x0000000088000000| Untracked 
| 129|0x0000000088100000, 0x0000000088100000, 0x0000000088200000|  0%| F|  |TAMS 0x0000000088100000, 0x0000000088100000| Untracked 
| 130|0x0000000088200000, 0x0000000088200000, 0x0000000088300000|  0%| F|  |TAMS 0x0000000088200000, 0x0000000088200000| Untracked 
| 131|0x0000000088300000, 0x0000000088300000, 0x0000000088400000|  0%| F|  |TAMS 0x0000000088300000, 0x0000000088300000| Untracked 
| 132|0x0000000088400000, 0x0000000088400000, 0x0000000088500000|  0%| F|  |TAMS 0x0000000088400000, 0x0000000088400000| Untracked 
| 133|0x0000000088500000, 0x0000000088500000, 0x0000000088600000|  0%| F|  |TAMS 0x0000000088500000, 0x0000000088500000| Untracked 
| 134|0x0000000088600000, 0x0000000088600000, 0x0000000088700000|  0%| F|  |TAMS 0x0000000088600000, 0x0000000088600000| Untracked 
| 135|0x0000000088700000, 0x0000000088700000, 0x0000000088800000|  0%| F|  |TAMS 0x0000000088700000, 0x0000000088700000| Untracked 
| 136|0x0000000088800000, 0x0000000088800000, 0x0000000088900000|  0%| F|  |TAMS 0x0000000088800000, 0x0000000088800000| Untracked 
| 137|0x0000000088900000, 0x0000000088900000, 0x0000000088a00000|  0%| F|  |TAMS 0x0000000088900000, 0x0000000088900000| Untracked 
| 138|0x0000000088a00000, 0x0000000088a00000, 0x0000000088b00000|  0%| F|  |TAMS 0x0000000088a00000, 0x0000000088a00000| Untracked 
| 139|0x0000000088b00000, 0x0000000088b00000, 0x0000000088c00000|  0%| F|  |TAMS 0x0000000088b00000, 0x0000000088b00000| Untracked 
| 140|0x0000000088c00000, 0x0000000088c00000, 0x0000000088d00000|  0%| F|  |TAMS 0x0000000088c00000, 0x0000000088c00000| Untracked 
| 141|0x0000000088d00000, 0x0000000088d00000, 0x0000000088e00000|  0%| F|  |TAMS 0x0000000088d00000, 0x0000000088d00000| Untracked 
| 142|0x0000000088e00000, 0x0000000088e00000, 0x0000000088f00000|  0%| F|  |TAMS 0x0000000088e00000, 0x0000000088e00000| Untracked 
| 143|0x0000000088f00000, 0x0000000088f00000, 0x0000000089000000|  0%| F|  |TAMS 0x0000000088f00000, 0x0000000088f00000| Untracked 
| 144|0x0000000089000000, 0x0000000089000000, 0x0000000089100000|  0%| F|  |TAMS 0x0000000089000000, 0x0000000089000000| Untracked 
| 145|0x0000000089100000, 0x0000000089100000, 0x0000000089200000|  0%| F|  |TAMS 0x0000000089100000, 0x0000000089100000| Untracked 
| 146|0x0000000089200000, 0x0000000089200000, 0x0000000089300000|  0%| F|  |TAMS 0x0000000089200000, 0x0000000089200000| Untracked 
| 147|0x0000000089300000, 0x0000000089300000, 0x0000000089400000|  0%| F|  |TAMS 0x0000000089300000, 0x0000000089300000| Untracked 
| 148|0x0000000089400000, 0x0000000089400000, 0x0000000089500000|  0%| F|  |TAMS 0x0000000089400000, 0x0000000089400000| Untracked 
| 149|0x0000000089500000, 0x0000000089500000, 0x0000000089600000|  0%| F|  |TAMS 0x0000000089500000, 0x0000000089500000| Untracked 
| 150|0x0000000089600000, 0x0000000089600000, 0x0000000089700000|  0%| F|  |TAMS 0x0000000089600000, 0x0000000089600000| Untracked 
| 151|0x0000000089700000, 0x0000000089700000, 0x0000000089800000|  0%| F|  |TAMS 0x0000000089700000, 0x0000000089700000| Untracked 
| 152|0x0000000089800000, 0x0000000089800000, 0x0000000089900000|  0%| F|  |TAMS 0x0000000089800000, 0x0000000089800000| Untracked 
| 153|0x0000000089900000, 0x0000000089900000, 0x0000000089a00000|  0%| F|  |TAMS 0x0000000089900000, 0x0000000089900000| Untracked 
| 154|0x0000000089a00000, 0x0000000089a00000, 0x0000000089b00000|  0%| F|  |TAMS 0x0000000089a00000, 0x0000000089a00000| Untracked 
| 155|0x0000000089b00000, 0x0000000089b00000, 0x0000000089c00000|  0%| F|  |TAMS 0x0000000089b00000, 0x0000000089b00000| Untracked 
| 156|0x0000000089c00000, 0x0000000089c00000, 0x0000000089d00000|  0%| F|  |TAMS 0x0000000089c00000, 0x0000000089c00000| Untracked 
| 157|0x0000000089d00000, 0x0000000089d00000, 0x0000000089e00000|  0%| F|  |TAMS 0x0000000089d00000, 0x0000000089d00000| Untracked 
| 158|0x0000000089e00000, 0x0000000089e00000, 0x0000000089f00000|  0%| F|  |TAMS 0x0000000089e00000, 0x0000000089e00000| Untracked 
| 159|0x0000000089f00000, 0x0000000089f00000, 0x000000008a000000|  0%| F|  |TAMS 0x0000000089f00000, 0x0000000089f00000| Untracked 
| 160|0x000000008a000000, 0x000000008a000000, 0x000000008a100000|  0%| F|  |TAMS 0x000000008a000000, 0x000000008a000000| Untracked 
| 161|0x000000008a100000, 0x000000008a100000, 0x000000008a200000|  0%| F|  |TAMS 0x000000008a100000, 0x000000008a100000| Untracked 
| 162|0x000000008a200000, 0x000000008a200000, 0x000000008a300000|  0%| F|  |TAMS 0x000000008a200000, 0x000000008a200000| Untracked 
| 163|0x000000008a300000, 0x000000008a300000, 0x000000008a400000|  0%| F|  |TAMS 0x000000008a300000, 0x000000008a300000| Untracked 
| 164|0x000000008a400000, 0x000000008a400000, 0x000000008a500000|  0%| F|  |TAMS 0x000000008a400000, 0x000000008a400000| Untracked 
| 165|0x000000008a500000, 0x000000008a500000, 0x000000008a600000|  0%| F|  |TAMS 0x000000008a500000, 0x000000008a500000| Untracked 
| 166|0x000000008a600000, 0x000000008a600000, 0x000000008a700000|  0%| F|  |TAMS 0x000000008a600000, 0x000000008a600000| Untracked 
| 167|0x000000008a700000, 0x000000008a700000, 0x000000008a800000|  0%| F|  |TAMS 0x000000008a700000, 0x000000008a700000| Untracked 
| 168|0x000000008a800000, 0x000000008a800000, 0x000000008a900000|  0%| F|  |TAMS 0x000000008a800000, 0x000000008a800000| Untracked 
| 169|0x000000008a900000, 0x000000008aa00000, 0x000000008aa00000|100%| E|  |TAMS 0x000000008a900000, 0x000000008a900000| Complete 
| 170|0x000000008aa00000, 0x000000008ab00000, 0x000000008ab00000|100%| E|CS|TAMS 0x000000008aa00000, 0x000000008aa00000| Complete 
| 171|0x000000008ab00000, 0x000000008ac00000, 0x000000008ac00000|100%| E|CS|TAMS 0x000000008ab00000, 0x000000008ab00000| Complete 
| 172|0x000000008ac00000, 0x000000008ad00000, 0x000000008ad00000|100%| E|CS|TAMS 0x000000008ac00000, 0x000000008ac00000| Complete 
| 173|0x000000008ad00000, 0x000000008ae00000, 0x000000008ae00000|100%| E|CS|TAMS 0x000000008ad00000, 0x000000008ad00000| Complete 
| 174|0x000000008ae00000, 0x000000008af00000, 0x000000008af00000|100%| E|CS|TAMS 0x000000008ae00000, 0x000000008ae00000| Complete 
| 175|0x000000008af00000, 0x000000008b000000, 0x000000008b000000|100%| E|CS|TAMS 0x000000008af00000, 0x000000008af00000| Complete 
| 176|0x000000008b000000, 0x000000008b100000, 0x000000008b100000|100%| E|CS|TAMS 0x000000008b000000, 0x000000008b000000| Complete 
| 177|0x000000008b100000, 0x000000008b200000, 0x000000008b200000|100%| E|CS|TAMS 0x000000008b100000, 0x000000008b100000| Complete 
| 178|0x000000008b200000, 0x000000008b300000, 0x000000008b300000|100%| E|CS|TAMS 0x000000008b200000, 0x000000008b200000| Complete 
| 179|0x000000008b300000, 0x000000008b400000, 0x000000008b400000|100%| E|CS|TAMS 0x000000008b300000, 0x000000008b300000| Complete 
| 180|0x000000008b400000, 0x000000008b500000, 0x000000008b500000|100%| E|CS|TAMS 0x000000008b400000, 0x000000008b400000| Complete 
| 181|0x000000008b500000, 0x000000008b600000, 0x000000008b600000|100%| E|CS|TAMS 0x000000008b500000, 0x000000008b500000| Complete 
| 182|0x000000008b600000, 0x000000008b700000, 0x000000008b700000|100%| E|CS|TAMS 0x000000008b600000, 0x000000008b600000| Complete 
| 183|0x000000008b700000, 0x000000008b800000, 0x000000008b800000|100%| E|CS|TAMS 0x000000008b700000, 0x000000008b700000| Complete 
| 184|0x000000008b800000, 0x000000008b900000, 0x000000008b900000|100%| E|CS|TAMS 0x000000008b800000, 0x000000008b800000| Complete 
| 185|0x000000008b900000, 0x000000008ba00000, 0x000000008ba00000|100%| E|CS|TAMS 0x000000008b900000, 0x000000008b900000| Complete 
| 186|0x000000008ba00000, 0x000000008bb00000, 0x000000008bb00000|100%| E|CS|TAMS 0x000000008ba00000, 0x000000008ba00000| Complete 
| 187|0x000000008bb00000, 0x000000008bc00000, 0x000000008bc00000|100%| E|CS|TAMS 0x000000008bb00000, 0x000000008bb00000| Complete 
| 188|0x000000008bc00000, 0x000000008bd00000, 0x000000008bd00000|100%| E|CS|TAMS 0x000000008bc00000, 0x000000008bc00000| Complete 
| 189|0x000000008bd00000, 0x000000008be00000, 0x000000008be00000|100%| E|CS|TAMS 0x000000008bd00000, 0x000000008bd00000| Complete 
| 190|0x000000008be00000, 0x000000008bf00000, 0x000000008bf00000|100%| E|CS|TAMS 0x000000008be00000, 0x000000008be00000| Complete 
| 191|0x000000008bf00000, 0x000000008c000000, 0x000000008c000000|100%| E|CS|TAMS 0x000000008bf00000, 0x000000008bf00000| Complete 
| 192|0x000000008c000000, 0x000000008c100000, 0x000000008c100000|100%| E|CS|TAMS 0x000000008c000000, 0x000000008c000000| Complete 
| 193|0x000000008c100000, 0x000000008c200000, 0x000000008c200000|100%| E|CS|TAMS 0x000000008c100000, 0x000000008c100000| Complete 
| 194|0x000000008c200000, 0x000000008c300000, 0x000000008c300000|100%| E|CS|TAMS 0x000000008c200000, 0x000000008c200000| Complete 
| 195|0x000000008c300000, 0x000000008c400000, 0x000000008c400000|100%| E|CS|TAMS 0x000000008c300000, 0x000000008c300000| Complete 
| 196|0x000000008c400000, 0x000000008c500000, 0x000000008c500000|100%| E|CS|TAMS 0x000000008c400000, 0x000000008c400000| Complete 
| 197|0x000000008c500000, 0x000000008c600000, 0x000000008c600000|100%| E|CS|TAMS 0x000000008c500000, 0x000000008c500000| Complete 
| 198|0x000000008c600000, 0x000000008c700000, 0x000000008c700000|100%| E|CS|TAMS 0x000000008c600000, 0x000000008c600000| Complete 
| 199|0x000000008c700000, 0x000000008c800000, 0x000000008c800000|100%| E|CS|TAMS 0x000000008c700000, 0x000000008c700000| Complete 
| 200|0x000000008c800000, 0x000000008c900000, 0x000000008c900000|100%| E|CS|TAMS 0x000000008c800000, 0x000000008c800000| Complete 
| 201|0x000000008c900000, 0x000000008ca00000, 0x000000008ca00000|100%| E|CS|TAMS 0x000000008c900000, 0x000000008c900000| Complete 
| 202|0x000000008ca00000, 0x000000008cb00000, 0x000000008cb00000|100%| E|CS|TAMS 0x000000008ca00000, 0x000000008ca00000| Complete 
| 203|0x000000008cb00000, 0x000000008cc00000, 0x000000008cc00000|100%| E|CS|TAMS 0x000000008cb00000, 0x000000008cb00000| Complete 
| 204|0x000000008cc00000, 0x000000008cd00000, 0x000000008cd00000|100%| E|CS|TAMS 0x000000008cc00000, 0x000000008cc00000| Complete 
| 205|0x000000008cd00000, 0x000000008ce00000, 0x000000008ce00000|100%| E|CS|TAMS 0x000000008cd00000, 0x000000008cd00000| Complete 
| 206|0x000000008ce00000, 0x000000008cf00000, 0x000000008cf00000|100%| E|CS|TAMS 0x000000008ce00000, 0x000000008ce00000| Complete 
| 207|0x000000008cf00000, 0x000000008d000000, 0x000000008d000000|100%| E|CS|TAMS 0x000000008cf00000, 0x000000008cf00000| Complete 
| 208|0x000000008d000000, 0x000000008d100000, 0x000000008d100000|100%| E|CS|TAMS 0x000000008d000000, 0x000000008d000000| Complete 
| 209|0x000000008d100000, 0x000000008d200000, 0x000000008d200000|100%| E|CS|TAMS 0x000000008d100000, 0x000000008d100000| Complete 
| 210|0x000000008d200000, 0x000000008d300000, 0x000000008d300000|100%| E|CS|TAMS 0x000000008d200000, 0x000000008d200000| Complete 
| 211|0x000000008d300000, 0x000000008d400000, 0x000000008d400000|100%| E|CS|TAMS 0x000000008d300000, 0x000000008d300000| Complete 
| 212|0x000000008d400000, 0x000000008d500000, 0x000000008d500000|100%| E|CS|TAMS 0x000000008d400000, 0x000000008d400000| Complete 
| 213|0x000000008d500000, 0x000000008d600000, 0x000000008d600000|100%| E|CS|TAMS 0x000000008d500000, 0x000000008d500000| Complete 
| 214|0x000000008d600000, 0x000000008d700000, 0x000000008d700000|100%| E|CS|TAMS 0x000000008d600000, 0x000000008d600000| Complete 
| 215|0x000000008d700000, 0x000000008d800000, 0x000000008d800000|100%| E|CS|TAMS 0x000000008d700000, 0x000000008d700000| Complete 
| 216|0x000000008d800000, 0x000000008d900000, 0x000000008d900000|100%| E|CS|TAMS 0x000000008d800000, 0x000000008d800000| Complete 
| 217|0x000000008d900000, 0x000000008da00000, 0x000000008da00000|100%| E|CS|TAMS 0x000000008d900000, 0x000000008d900000| Complete 
| 218|0x000000008da00000, 0x000000008db00000, 0x000000008db00000|100%| E|CS|TAMS 0x000000008da00000, 0x000000008da00000| Complete 
| 219|0x000000008db00000, 0x000000008dc00000, 0x000000008dc00000|100%| E|CS|TAMS 0x000000008db00000, 0x000000008db00000| Complete 
| 220|0x000000008dc00000, 0x000000008dd00000, 0x000000008dd00000|100%| E|CS|TAMS 0x000000008dc00000, 0x000000008dc00000| Complete 
| 221|0x000000008dd00000, 0x000000008de00000, 0x000000008de00000|100%| E|CS|TAMS 0x000000008dd00000, 0x000000008dd00000| Complete 
| 222|0x000000008de00000, 0x000000008df00000, 0x000000008df00000|100%| E|CS|TAMS 0x000000008de00000, 0x000000008de00000| Complete 
| 223|0x000000008df00000, 0x000000008e000000, 0x000000008e000000|100%| E|CS|TAMS 0x000000008df00000, 0x000000008df00000| Complete 
| 224|0x000000008e000000, 0x000000008e100000, 0x000000008e100000|100%| E|CS|TAMS 0x000000008e000000, 0x000000008e000000| Complete 
| 225|0x000000008e100000, 0x000000008e200000, 0x000000008e200000|100%| E|CS|TAMS 0x000000008e100000, 0x000000008e100000| Complete 
| 226|0x000000008e200000, 0x000000008e300000, 0x000000008e300000|100%| E|CS|TAMS 0x000000008e200000, 0x000000008e200000| Complete 
| 227|0x000000008e300000, 0x000000008e400000, 0x000000008e400000|100%| E|CS|TAMS 0x000000008e300000, 0x000000008e300000| Complete 
| 228|0x000000008e400000, 0x000000008e500000, 0x000000008e500000|100%| E|CS|TAMS 0x000000008e400000, 0x000000008e400000| Complete 
| 229|0x000000008e500000, 0x000000008e600000, 0x000000008e600000|100%| E|CS|TAMS 0x000000008e500000, 0x000000008e500000| Complete 
| 230|0x000000008e600000, 0x000000008e700000, 0x000000008e700000|100%| E|CS|TAMS 0x000000008e600000, 0x000000008e600000| Complete 
| 231|0x000000008e700000, 0x000000008e800000, 0x000000008e800000|100%| E|CS|TAMS 0x000000008e700000, 0x000000008e700000| Complete 
| 232|0x000000008e800000, 0x000000008e900000, 0x000000008e900000|100%| E|CS|TAMS 0x000000008e800000, 0x000000008e800000| Complete 
| 233|0x000000008e900000, 0x000000008ea00000, 0x000000008ea00000|100%| E|CS|TAMS 0x000000008e900000, 0x000000008e900000| Complete 
| 234|0x000000008ea00000, 0x000000008eb00000, 0x000000008eb00000|100%| S|CS|TAMS 0x000000008ea00000, 0x000000008ea00000| Complete 
| 235|0x000000008eb00000, 0x000000008ec00000, 0x000000008ec00000|100%| E|CS|TAMS 0x000000008eb00000, 0x000000008eb00000| Complete 
| 236|0x000000008ec00000, 0x000000008ed00000, 0x000000008ed00000|100%| E|CS|TAMS 0x000000008ec00000, 0x000000008ec00000| Complete 
| 237|0x000000008ed00000, 0x000000008ee00000, 0x000000008ee00000|100%| E|CS|TAMS 0x000000008ed00000, 0x000000008ed00000| Complete 
| 238|0x000000008ee00000, 0x000000008ef00000, 0x000000008ef00000|100%| E|CS|TAMS 0x000000008ee00000, 0x000000008ee00000| Complete 
| 239|0x000000008ef00000, 0x000000008f000000, 0x000000008f000000|100%| E|CS|TAMS 0x000000008ef00000, 0x000000008ef00000| Complete 
| 240|0x000000008f000000, 0x000000008f100000, 0x000000008f100000|100%| E|CS|TAMS 0x000000008f000000, 0x000000008f000000| Complete 
| 241|0x000000008f100000, 0x000000008f200000, 0x000000008f200000|100%| E|CS|TAMS 0x000000008f100000, 0x000000008f100000| Complete 
| 242|0x000000008f200000, 0x000000008f300000, 0x000000008f300000|100%| E|CS|TAMS 0x000000008f200000, 0x000000008f200000| Complete 
| 243|0x000000008f300000, 0x000000008f400000, 0x000000008f400000|100%| E|CS|TAMS 0x000000008f300000, 0x000000008f300000| Complete 
| 244|0x000000008f400000, 0x000000008f500000, 0x000000008f500000|100%| E|CS|TAMS 0x000000008f400000, 0x000000008f400000| Complete 
| 245|0x000000008f500000, 0x000000008f600000, 0x000000008f600000|100%| E|CS|TAMS 0x000000008f500000, 0x000000008f500000| Complete 
| 246|0x000000008f600000, 0x000000008f700000, 0x000000008f700000|100%| E|CS|TAMS 0x000000008f600000, 0x000000008f600000| Complete 
| 247|0x000000008f700000, 0x000000008f800000, 0x000000008f800000|100%| E|CS|TAMS 0x000000008f700000, 0x000000008f700000| Complete 
| 248|0x000000008f800000, 0x000000008f900000, 0x000000008f900000|100%| E|CS|TAMS 0x000000008f800000, 0x000000008f800000| Complete 
| 249|0x000000008f900000, 0x000000008fa00000, 0x000000008fa00000|100%| E|CS|TAMS 0x000000008f900000, 0x000000008f900000| Complete 
| 250|0x000000008fa00000, 0x000000008fb00000, 0x000000008fb00000|100%| E|CS|TAMS 0x000000008fa00000, 0x000000008fa00000| Complete 
| 251|0x000000008fb00000, 0x000000008fc00000, 0x000000008fc00000|100%| E|CS|TAMS 0x000000008fb00000, 0x000000008fb00000| Complete 
| 252|0x000000008fc00000, 0x000000008fd00000, 0x000000008fd00000|100%| E|CS|TAMS 0x000000008fc00000, 0x000000008fc00000| Complete 
| 253|0x000000008fd00000, 0x000000008fe00000, 0x000000008fe00000|100%| E|CS|TAMS 0x000000008fd00000, 0x000000008fd00000| Complete 
| 254|0x000000008fe00000, 0x000000008ff00000, 0x000000008ff00000|100%| E|CS|TAMS 0x000000008fe00000, 0x000000008fe00000| Complete 
| 255|0x000000008ff00000, 0x0000000090000000, 0x0000000090000000|100%| E|CS|TAMS 0x000000008ff00000, 0x000000008ff00000| Complete 

Card table byte_map: [0x000002afc4610000,0x000002afc4a10000] _byte_map_base: 0x000002afc4210000

Marking Bits (Prev, Next): (CMBitMap*) 0x000002afaf4e13f0, (CMBitMap*) 0x000002afaf4e13b8
 Prev Bits: [0x000002afc6e10000, 0x000002afc8e10000)
 Next Bits: [0x000002afc4e10000, 0x000002afc6e10000)

Polling page: 0x000002afaf580000

Metaspace:

Usage:
  Non-class:     29.02 MB capacity,    28.55 MB ( 98%) used,   409.03 KB (  1%) free+waste,    69.00 KB ( <1%) overhead. 
      Class:      4.53 MB capacity,     4.24 MB ( 94%) used,   259.01 KB (  6%) free+waste,    33.94 KB ( <1%) overhead. 
       Both:     33.55 MB capacity,    32.80 MB ( 98%) used,   668.04 KB (  2%) free+waste,   102.94 KB ( <1%) overhead. 

Virtual space:
  Non-class space:       30.00 MB reserved,      29.25 MB ( 98%) committed 
      Class space:        1.00 GB reserved,       4.63 MB ( <1%) committed 
             Both:        1.03 GB reserved,      33.88 MB (  3%) committed 

Chunk freelists:
   Non-Class:  45.00 KB
       Class:  1.00 KB
        Both:  46.00 KB

MaxMetaspaceSize: 17179869184.00 GB
CompressedClassSpaceSize: 1.00 GB

CodeHeap 'non-profiled nmethods': size=120000Kb used=1433Kb max_used=1433Kb free=118567Kb
 bounds [0x000002afbc260000, 0x000002afbc4d0000, 0x000002afc3790000]
CodeHeap 'profiled nmethods': size=120000Kb used=5903Kb max_used=5903Kb free=114096Kb
 bounds [0x000002afb4d30000, 0x000002afb5300000, 0x000002afbc260000]
CodeHeap 'non-nmethods': size=5760Kb used=1167Kb max_used=1200Kb free=4592Kb
 bounds [0x000002afb4790000, 0x000002afb4a00000, 0x000002afb4d30000]
 total_blobs=3285 nmethods=2774 adapters=422
 compilation: enabled
              stopped_count=0, restarted_count=0
 full_count=0

Compilation events (20 events):
Event: 15.202 Thread 0x000002afcc1b7000 2771       4       java.lang.reflect.Method::copy (84 bytes)
Event: 15.203 Thread 0x000002afcc1b8000 2773       3       org.codehaus.groovy.reflection.CachedMethod::isStatic (8 bytes)
Event: 15.203 Thread 0x000002afcc1b8000 nmethod 2773 0x000002afb52ef910 code [0x000002afb52efac0, 0x000002afb52efc98]
Event: 15.203 Thread 0x000002afcc1b8000 2774       3       org.codehaus.groovy.runtime.metaclass.MethodHelper::isStatic (19 bytes)
Event: 15.204 Thread 0x000002afcc1b8000 nmethod 2774 0x000002afb52efd90 code [0x000002afb52eff40, 0x000002afb52f0098]
Event: 15.204 Thread 0x000002afcc1b8000 2775       3       org.codehaus.groovy.reflection.CachedMethod::getParamsCount (6 bytes)
Event: 15.204 Thread 0x000002afcc1b8000 nmethod 2775 0x000002afb52f0190 code [0x000002afb52f0360, 0x000002afb52f05c8]
Event: 15.206 Thread 0x000002afcc1b8000 2776       3       jdk.internal.misc.Unsafe::checkNativeAddress (28 bytes)
Event: 15.206 Thread 0x000002afcc1b8000 nmethod 2776 0x000002afb52f0710 code [0x000002afb52f08c0, 0x000002afb52f09d8]
Event: 15.207 Thread 0x000002afcc1b8000 2778       3       java.util.zip.Inflater::<init> (24 bytes)
Event: 15.207 Thread 0x000002afcc1b7000 nmethod 2771 0x000002afbc3c5810 code [0x000002afbc3c59c0, 0x000002afbc3c5c78]
Event: 15.207 Thread 0x000002afcc1b8000 nmethod 2778 0x000002afb52f0a90 code [0x000002afb52f0c60, 0x000002afb52f0ef8]
Event: 15.207 Thread 0x000002afcc1b7000 2772       4       java.lang.String::compareTo (63 bytes)
Event: 15.208 Thread 0x000002afcc1b7000 nmethod 2772 0x000002afbc3c5d10 code [0x000002afbc3c5ea0, 0x000002afbc3c60b8]
Event: 15.209 Thread 0x000002afcc1b7000 2777       4       java.lang.Integer::hashCode (8 bytes)
Event: 15.209 Thread 0x000002afcc1b7000 nmethod 2777 0x000002afbc3c6190 code [0x000002afbc3c6320, 0x000002afbc3c6378]
Event: 15.211 Thread 0x000002afcc1b8000 2779       3       org.codehaus.groovy.vmplugin.v9.Java9::checkCanSetAccessible (137 bytes)
Event: 15.212 Thread 0x000002afcc1b8000 nmethod 2779 0x000002afb52f1010 code [0x000002afb52f1340, 0x000002afb52f2578]
Event: 15.212 Thread 0x000002afcc1b8000 2780   !   3       java.util.zip.Inflater::finished (19 bytes)
Event: 15.213 Thread 0x000002afcc1b8000 nmethod 2780 0x000002afb52f2b90 code [0x000002afb52f2d40, 0x000002afb52f2fd8]

GC Heap History (6 events):
Event: 1.813 GC heap before
{Heap before GC invocations=0 (full 0):
 garbage-first heap   total 262144K, used 29696K [0x0000000080000000, 0x0000000100000000)
  region size 1024K, 24 young (24576K), 0 survivors (0K)
 Metaspace       used 9891K, capacity 10118K, committed 10368K, reserved 1058816K
  class space    used 1028K, capacity 1102K, committed 1152K, reserved 1048576K
}
Event: 2.278 GC heap after
{Heap after GC invocations=1 (full 0):
 garbage-first heap   total 262144K, used 9362K [0x0000000080000000, 0x0000000100000000)
  region size 1024K, 3 young (3072K), 3 survivors (3072K)
 Metaspace       used 9891K, capacity 10118K, committed 10368K, reserved 1058816K
  class space    used 1028K, capacity 1102K, committed 1152K, reserved 1048576K
}
Event: 10.983 GC heap before
{Heap before GC invocations=1 (full 0):
 garbage-first heap   total 262144K, used 107666K [0x0000000080000000, 0x0000000100000000)
  region size 1024K, 100 young (102400K), 3 survivors (3072K)
 Metaspace       used 20661K, capacity 21073K, committed 21248K, reserved 1067008K
  class space    used 2535K, capacity 2691K, committed 2816K, reserved 1048576K
}
Event: 11.024 GC heap after
{Heap after GC invocations=2 (full 0):
 garbage-first heap   total 262144K, used 17130K [0x0000000080000000, 0x0000000100000000)
  region size 1024K, 11 young (11264K), 11 survivors (11264K)
 Metaspace       used 20661K, capacity 21073K, committed 21248K, reserved 1067008K
  class space    used 2535K, capacity 2691K, committed 2816K, reserved 1048576K
}
Event: 11.556 GC heap before
{Heap before GC invocations=3 (full 0):
 garbage-first heap   total 262144K, used 38634K [0x0000000080000000, 0x0000000100000000)
  region size 1024K, 32 young (32768K), 11 survivors (11264K)
 Metaspace       used 22527K, capacity 23007K, committed 23040K, reserved 1069056K
  class space    used 2875K, capacity 3044K, committed 3072K, reserved 1048576K
}
Event: 11.562 GC heap after
{Heap after GC invocations=4 (full 0):
 garbage-first heap   total 262144K, used 17658K [0x0000000080000000, 0x0000000100000000)
  region size 1024K, 1 young (1024K), 1 survivors (1024K)
 Metaspace       used 22527K, capacity 23007K, committed 23040K, reserved 1069056K
  class space    used 2875K, capacity 3044K, committed 3072K, reserved 1048576K
}

Deoptimization events (20 events):
Event: 14.482 Thread 0x000002afce476000 Uncommon trap: trap_request=0xffffff6e fr.pc=0x000002afbc3a8e4c relative=0x000000000000078c
Event: 14.483 Thread 0x000002afce476000 Uncommon trap: reason=speculate_class_check action=maybe_recompile pc=0x000002afbc3a8e4c method=java.lang.reflect.Executable.declaredAnnotations()Ljava/util/Map; @ 23 c2
Event: 14.483 Thread 0x000002afce476000 DEOPT PACKING pc=0x000002afbc3a8e4c sp=0x000000d9e4ff9c70
Event: 14.483 Thread 0x000002afce476000 DEOPT UNPACKING pc=0x000002afb47b662f sp=0x000000d9e4ff9bb0 mode 2
Event: 14.506 Thread 0x000002afce476000 Uncommon trap: trap_request=0xffffff4d fr.pc=0x000002afbc3340b0 relative=0x0000000000000230
Event: 14.506 Thread 0x000002afce476000 Uncommon trap: reason=unstable_if action=reinterpret pc=0x000002afbc3340b0 method=java.util.HashMap.putVal(ILjava/lang/Object;Ljava/lang/Object;ZZ)Ljava/lang/Object; @ 162 c2
Event: 14.506 Thread 0x000002afce476000 DEOPT PACKING pc=0x000002afbc3340b0 sp=0x000000d9e4ffaad0
Event: 14.506 Thread 0x000002afce476000 DEOPT UNPACKING pc=0x000002afb47b662f sp=0x000000d9e4ffa9e0 mode 2
Event: 14.556 Thread 0x000002afce476000 Uncommon trap: trap_request=0xffffff6e fr.pc=0x000002afbc3a8e4c relative=0x000000000000078c
Event: 14.556 Thread 0x000002afce476000 Uncommon trap: reason=speculate_class_check action=maybe_recompile pc=0x000002afbc3a8e4c method=java.lang.reflect.Executable.declaredAnnotations()Ljava/util/Map; @ 23 c2
Event: 14.556 Thread 0x000002afce476000 DEOPT PACKING pc=0x000002afbc3a8e4c sp=0x000000d9e4ffac60
Event: 14.556 Thread 0x000002afce476000 DEOPT UNPACKING pc=0x000002afb47b662f sp=0x000000d9e4ffaba0 mode 2
Event: 15.044 Thread 0x000002afce9ab800 Uncommon trap: trap_request=0xffffffde fr.pc=0x000002afbc3b7e94 relative=0x0000000000000314
Event: 15.044 Thread 0x000002afce9ab800 Uncommon trap: reason=class_check action=maybe_recompile pc=0x000002afbc3b7e94 method=java.util.stream.ReferencePipeline.forEachWithCancel(Ljava/util/Spliterator;Ljava/util/stream/Sink;)Z @ 1 c2
Event: 15.044 Thread 0x000002afce9ab800 DEOPT PACKING pc=0x000002afbc3b7e94 sp=0x000000d9e4bfe810
Event: 15.044 Thread 0x000002afce9ab800 DEOPT UNPACKING pc=0x000002afb47b662f sp=0x000000d9e4bfe7b0 mode 2
Event: 15.191 Thread 0x000002afce476000 Uncommon trap: trap_request=0xffffff4d fr.pc=0x000002afbc3542d8 relative=0x0000000000005118
Event: 15.191 Thread 0x000002afce476000 Uncommon trap: reason=unstable_if action=reinterpret pc=0x000002afbc3542d8 method=jdk.internal.loader.BuiltinClassLoader.loadClassOrNull(Ljava/lang/String;Z)Ljava/lang/Class; @ 42 c2
Event: 15.191 Thread 0x000002afce476000 DEOPT PACKING pc=0x000002afbc3542d8 sp=0x000000d9e4ff5640
Event: 15.191 Thread 0x000002afce476000 DEOPT UNPACKING pc=0x000002afb47b662f sp=0x000000d9e4ff54d0 mode 2

Classes redefined (0 events):
No events

Internal exceptions (20 events):
Event: 12.833 Thread 0x000002afce476000 Exception <a 'java/lang/NoSuchMethodError'{0x000000008e313760}: 'void java.lang.invoke.DirectMethodHandle$Holder.invokeStatic(java.lang.Object, java.lang.Object, java.lang.Object, java.lang.Object)'> (0x000000008e313760) thrown at [./src/hotspot/share/interpreter/linkResolver.cpp, line 773]
Event: 12.835 Thread 0x000002afce476000 Exception <a 'java/lang/NoSuchMethodError'{0x000000008e327240}: 'int java.lang.invoke.DirectMethodHandle$Holder.invokeInterface(java.lang.Object, java.lang.Object)'> (0x000000008e327240) thrown at [./src/hotspot/share/interpreter/linkResolver.cpp, line 773]
Event: 13.209 Thread 0x000002afce476000 Exception <a 'java/lang/NoSuchMethodError'{0x000000008d9d2e38}: 'java.lang.Object java.lang.invoke.DirectMethodHandle$Holder.invokeSpecialIFC(java.lang.Object, java.lang.Object, java.lang.Object, java.lang.Object)'> (0x000000008d9d2e38) thrown at [./src/hotspot/share/interpreter/linkResolver.cpp, line 773]
Event: 13.233 Thread 0x000002afce476000 Exception <a 'java/lang/NoSuchMethodError'{0x000000008d8b5dc8}: 'java.lang.Object java.lang.invoke.DirectMethodHandle$Holder.invokeSpecial(java.lang.Object, java.lang.Object, java.lang.Object, java.lang.Object, java.lang.Object, java.lang.Object, java.lang.Object, java.lang.Object, java.lang.Object, java.lang.Object, java.lang.Object, java.lang.Object, java.lang.Object)'> (0x000000008d8b5dc8) thrown at [./src/hotspot/share/interpreter/linkResolver.cpp, line 773]
Event: 13.234 Thread 0x000002afce476000 Exception <a 'java/lang/NoSuchMethodError'{0x000000008d8c9af8}: 'java.lang.Object java.lang.invoke.DirectMethodHandle$Holder.invokeSpecial(java.lang.Object, java.lang.Object, java.lang.Object, java.lang.Object, java.lang.Object, java.lang.Object, java.lang.Object, java.lang.Object, java.lang.Object, java.lang.Object, java.lang.Object, java.lang.Object)'> (0x000000008d8c9af8) thrown at [./src/hotspot/share/interpreter/linkResolver.cpp, line 773]
Event: 13.235 Thread 0x000002afce476000 Exception <a 'java/lang/NoSuchMethodError'{0x000000008d8cec20}: 'java.lang.Object java.lang.invoke.Invokers$Holder.linkToTargetMethod(java.lang.Object, java.lang.Object, java.lang.Object, java.lang.Object, java.lang.Object, java.lang.Object, java.lang.Object, java.lang.Object, java.lang.Object, java.lang.Object, java.lang.Object)'> (0x000000008d8cec20) thrown at [./src/hotspot/share/interpreter/linkResolver.cpp, line 773]
Event: 13.252 Thread 0x000002afce476000 Exception <a 'java/lang/NoSuchMethodError'{0x000000008d61e7b0}: 'java.lang.Object java.lang.invoke.DirectMethodHandle$Holder.invokeSpecial(java.lang.Object, java.lang.Object, java.lang.Object, java.lang.Object, java.lang.Object, java.lang.Object, java.lang.Object, java.lang.Object, java.lang.Object, java.lang.Object, java.lang.Object, java.lang.Object, java.lang.Object, java.lang.Object)'> (0x000000008d61e7b0) thrown at [./src/hotspot/share/interpreter/linkResolver.cpp, line 773]
Event: 13.254 Thread 0x000002afce476000 Exception <a 'java/lang/NoSuchMethodError'{0x000000008d62fe28}: 'java.lang.Object java.lang.invoke.Invokers$Holder.linkToTargetMethod(java.lang.Object, java.lang.Object, java.lang.Object, java.lang.Object, java.lang.Object, java.lang.Object, java.lang.Object, java.lang.Object, java.lang.Object, java.lang.Object, java.lang.Object, java.lang.Object)'> (0x000000008d62fe28) thrown at [./src/hotspot/share/interpreter/linkResolver.cpp, line 773]
Event: 13.286 Thread 0x000002afce476000 Exception <a 'java/lang/NoSuchMethodError'{0x000000008d6c5f80}: 'java.lang.Object java.lang.invoke.DirectMethodHandle$Holder.invokeStaticInit(java.lang.Object, java.lang.Object, java.lang.Object, java.lang.Object)'> (0x000000008d6c5f80) thrown at [./src/hotspot/share/interpreter/linkResolver.cpp, line 773]
Event: 13.483 Thread 0x000002afce476000 Implicit null exception at 0x000002afbc33cb75 to 0x000002afbc33cd3c
Event: 13.483 Thread 0x000002afce476000 Implicit null exception at 0x000002afbc3065af to 0x000002afbc30661d
Event: 13.906 Thread 0x000002afce476000 Exception <a 'java/lang/NoSuchMethodError'{0x000000008c329aa8}: 'java.lang.Object java.lang.invoke.Invokers$Holder.linkToTargetMethod(java.lang.Object, java.lang.Object, java.lang.Object, java.lang.Object, java.lang.Object, java.lang.Object, java.lang.Object, java.lang.Object)'> (0x000000008c329aa8) thrown at [./src/hotspot/share/interpreter/linkResolver.cpp, line 773]
Event: 13.912 Thread 0x000002afce476000 Exception <a 'java/lang/NoSuchMethodError'{0x000000008c35e450}: 'java.lang.Object java.lang.invoke.DirectMethodHandle$Holder.invokeVirtual(java.lang.Object, java.lang.Object, java.lang.Object)'> (0x000000008c35e450) thrown at [./src/hotspot/share/interpreter/linkResolver.cpp, line 773]
Event: 14.008 Thread 0x000002afce476000 Exception <a 'java/lang/NoSuchMethodError'{0x000000008c235488}: 'java.lang.Object java.lang.invoke.Invokers$Holder.linkToTargetMethod(java.lang.Object, java.lang.Object, java.lang.Object, java.lang.Object, java.lang.Object, java.lang.Object, java.lang.Object)'> (0x000000008c235488) thrown at [./src/hotspot/share/interpreter/linkResolver.cpp, line 773]
Event: 14.014 Thread 0x000002afce476000 Exception <a 'java/lang/IncompatibleClassChangeError'{0x000000008c273a40}: Found class java.lang.Object, but interface was expected> (0x000000008c273a40) thrown at [./src/hotspot/share/interpreter/linkResolver.cpp, line 839]
Event: 14.118 Thread 0x000002afce476000 Exception <a 'java/lang/NoSuchMethodError'{0x000000008be0b160}: 'int java.lang.invoke.DirectMethodHandle$Holder.invokeVirtual(java.lang.Object, java.lang.Object)'> (0x000000008be0b160) thrown at [./src/hotspot/share/interpreter/linkResolver.cpp, line 773]
Event: 14.856 Thread 0x000002afce476000 Exception <a 'java/lang/NoSuchMethodError'{0x000000008afdd048}: 'void java.lang.invoke.DirectMethodHandle$Holder.invokeStaticInit(java.lang.Object, java.lang.Object, java.lang.Object)'> (0x000000008afdd048) thrown at [./src/hotspot/share/interpreter/linkResolver.cpp, line 773]
Event: 14.857 Thread 0x000002afce476000 Exception <a 'java/lang/NoSuchMethodError'{0x000000008afe3e20}: 'void java.lang.invoke.DirectMethodHandle$Holder.invokeStaticInit(java.lang.Object, java.lang.Object, java.lang.Object, java.lang.Object)'> (0x000000008afe3e20) thrown at [./src/hotspot/share/interpreter/linkResolver.cpp, line 773]
Event: 14.882 Thread 0x000002afce476000 Exception <a 'java/lang/NoSuchMethodError'{0x000000008ae06940}: 'void java.lang.invoke.DirectMethodHandle$Holder.invokeStaticInit(java.lang.Object, java.lang.Object, java.lang.Object, java.lang.Object, java.lang.Object)'> (0x000000008ae06940) thrown at [./src/hotspot/share/interpreter/linkResolver.cpp, line 773]
Event: 14.992 Thread 0x000002afce476000 Exception <a 'java/lang/NoSuchMethodError'{0x000000008ae68c48}: 'int java.lang.invoke.DirectMethodHandle$Holder.invokeStaticInit(java.lang.Object, java.lang.Object, java.lang.Object, java.lang.Object)'> (0x000000008ae68c48) thrown at [./src/hotspot/share/interpreter/linkResolver.cpp, line 773]

Events (20 events):
Event: 15.196 loading class org/apache/groovy/nio/extensions/NioExtensions
Event: 15.196 loading class org/apache/groovy/nio/extensions/NioExtensions done
Event: 15.200 loading class groovy/io/FileVisitResult
Event: 15.200 loading class groovy/io/FileVisitResult done
Event: 15.201 loading class java/nio/file/WatchService
Event: 15.202 loading class java/nio/file/WatchService done
Event: 15.202 loading class java/nio/file/WatchEvent$Kind
Event: 15.202 loading class java/nio/file/WatchEvent$Kind done
Event: 15.202 loading class java/nio/file/WatchKey
Event: 15.202 loading class java/nio/file/WatchKey done
Event: 15.202 loading class java/nio/file/WatchEvent$Modifier
Event: 15.202 loading class java/nio/file/WatchEvent$Modifier done
Event: 15.204 Executing VM operation: RevokeBias
Event: 15.204 Executing VM operation: RevokeBias done
Event: 15.204 loading class org/apache/groovy/sql/extensions/SqlExtensions
Event: 15.204 loading class org/apache/groovy/sql/extensions/SqlExtensions done
Event: 15.206 loading class groovy/sql/GroovyResultSet
Event: 15.206 loading class groovy/sql/GroovyResultSet done
Event: 15.209 loading class groovy/sql/GroovyRowResult
Event: 15.209 loading class groovy/sql/GroovyRowResult done


Dynamic libraries:
0x00007ff7364c0000 - 0x00007ff7364ca000 	C:\Program Files\Android\Android Studio\jre\bin\java.exe
0x00007ff984460000 - 0x00007ff984669000 	C:\WINDOWS\SYSTEM32\ntdll.dll
0x00007ff9833d0000 - 0x00007ff98348d000 	C:\WINDOWS\System32\KERNEL32.DLL
0x00007ff981a70000 - 0x00007ff981de9000 	C:\WINDOWS\System32\KERNELBASE.dll
0x00007ff981ee0000 - 0x00007ff981ff1000 	C:\WINDOWS\System32\ucrtbase.dll
0x00007ff954410000 - 0x00007ff954429000 	C:\Program Files\Android\Android Studio\jre\bin\jli.dll
0x00007ff983220000 - 0x00007ff9833cc000 	C:\WINDOWS\System32\USER32.dll
0x00007ff982160000 - 0x00007ff982186000 	C:\WINDOWS\System32\win32u.dll
0x00007ff983020000 - 0x00007ff983049000 	C:\WINDOWS\System32\GDI32.dll
0x00007ff981950000 - 0x00007ff981a62000 	C:\WINDOWS\System32\gdi32full.dll
0x00007ff982000000 - 0x00007ff98209d000 	C:\WINDOWS\System32\msvcp_win.dll
0x00007ff959120000 - 0x00007ff959137000 	C:\Program Files\Android\Android Studio\jre\bin\VCRUNTIME140.dll
0x00007ff970a60000 - 0x00007ff970d05000 	C:\WINDOWS\WinSxS\amd64_microsoft.windows.common-controls_6595b64144ccf1df_6.0.22000.120_none_9d947278b86cc467\COMCTL32.dll
0x00007ff983530000 - 0x00007ff9835d3000 	C:\WINDOWS\System32\msvcrt.dll
0x00007ff982f20000 - 0x00007ff982f51000 	C:\WINDOWS\System32\IMM32.DLL
0x00007ff93ea90000 - 0x00007ff93eb2d000 	C:\Program Files\Android\Android Studio\jre\bin\msvcp140.dll
0x00007ff92a7b0000 - 0x00007ff92b285000 	C:\Program Files\Android\Android Studio\jre\bin\server\jvm.dll
0x00007ff982f70000 - 0x00007ff98301e000 	C:\WINDOWS\System32\ADVAPI32.dll
0x00007ff983490000 - 0x00007ff98352e000 	C:\WINDOWS\System32\sechost.dll
0x00007ff984180000 - 0x00007ff9842a0000 	C:\WINDOWS\System32\RPCRT4.dll
0x00007ff982f60000 - 0x00007ff982f68000 	C:\WINDOWS\System32\PSAPI.DLL
0x00007ff97a280000 - 0x00007ff97a289000 	C:\WINDOWS\SYSTEM32\WSOCK32.dll
0x00007ff982c90000 - 0x00007ff982cff000 	C:\WINDOWS\System32\WS2_32.dll
0x00007ff978ee0000 - 0x00007ff978f13000 	C:\WINDOWS\SYSTEM32\WINMM.dll
0x00007ff979320000 - 0x00007ff97932a000 	C:\WINDOWS\SYSTEM32\VERSION.dll
0x00007ff980b40000 - 0x00007ff980b58000 	C:\WINDOWS\SYSTEM32\kernel.appcore.dll
0x00007ff979f10000 - 0x00007ff979f21000 	C:\Program Files\Android\Android Studio\jre\bin\verify.dll
0x00007ff97f7b0000 - 0x00007ff97f9d1000 	C:\WINDOWS\SYSTEM32\DBGHELP.DLL
0x00007ff968520000 - 0x00007ff968551000 	C:\WINDOWS\SYSTEM32\dbgcore.DLL
0x00007ff981e60000 - 0x00007ff981edf000 	C:\WINDOWS\System32\bcryptPrimitives.dll
0x00007ff970e50000 - 0x00007ff970e79000 	C:\Program Files\Android\Android Studio\jre\bin\java.dll
0x00007ff979f00000 - 0x00007ff979f0b000 	C:\Program Files\Android\Android Studio\jre\bin\jimage.dll
0x00007ff974880000 - 0x00007ff974898000 	C:\Program Files\Android\Android Studio\jre\bin\zip.dll
0x00007ff982400000 - 0x00007ff982baf000 	C:\WINDOWS\System32\SHELL32.dll
0x00007ff97f9e0000 - 0x00007ff980248000 	C:\WINDOWS\SYSTEM32\windows.storage.dll
0x00007ff9835e0000 - 0x00007ff983958000 	C:\WINDOWS\System32\combase.dll
0x00007ff97f640000 - 0x00007ff97f7a6000 	C:\WINDOWS\SYSTEM32\wintypes.dll
0x00007ff984060000 - 0x00007ff98414a000 	C:\WINDOWS\System32\SHCORE.dll
0x00007ff982bb0000 - 0x00007ff982c0d000 	C:\WINDOWS\System32\shlwapi.dll
0x00007ff981880000 - 0x00007ff9818a1000 	C:\WINDOWS\SYSTEM32\profapi.dll
0x00007ff970f70000 - 0x00007ff970f8a000 	C:\Program Files\Android\Android Studio\jre\bin\net.dll
0x00007ff978f20000 - 0x00007ff97902c000 	C:\WINDOWS\SYSTEM32\WINHTTP.dll
0x00007ff980f70000 - 0x00007ff980fd7000 	C:\WINDOWS\system32\mswsock.dll
0x00007ff970e30000 - 0x00007ff970e44000 	C:\Program Files\Android\Android Studio\jre\bin\nio.dll
0x00007ff979280000 - 0x00007ff9792a7000 	C:\Users\DELL\.gradle\native\e1d6ef7f7dcc3fd88c89a11ec53ec762bb8ba0a96d01ffa2cd45eb1d1d8dd5c5\windows-amd64\native-platform.dll
0x00007ff9394c0000 - 0x00007ff939604000 	C:\Users\DELL\.gradle\native\5664cfc778a61ccfe75a443a1ab52a65af34e5dc3c78e0209fed803814484fcb\windows-amd64\native-platform-file-events.dll
0x00007ff979950000 - 0x00007ff97995a000 	C:\Program Files\Android\Android Studio\jre\bin\management.dll
0x00007ff976b90000 - 0x00007ff976b9d000 	C:\Program Files\Android\Android Studio\jre\bin\management_ext.dll
0x00007ff9811c0000 - 0x00007ff9811d8000 	C:\WINDOWS\SYSTEM32\CRYPTSP.dll
0x00007ff980aa0000 - 0x00007ff980ad5000 	C:\WINDOWS\system32\rsaenh.dll
0x00007ff981060000 - 0x00007ff981089000 	C:\WINDOWS\SYSTEM32\USERENV.dll
0x00007ff981330000 - 0x00007ff981357000 	C:\WINDOWS\SYSTEM32\bcrypt.dll
0x00007ff9811b0000 - 0x00007ff9811bc000 	C:\WINDOWS\SYSTEM32\CRYPTBASE.dll
0x00007ff980670000 - 0x00007ff98069d000 	C:\WINDOWS\SYSTEM32\IPHLPAPI.DLL
0x00007ff983050000 - 0x00007ff983059000 	C:\WINDOWS\System32\NSI.dll
0x00007ff978990000 - 0x00007ff9789a9000 	C:\WINDOWS\SYSTEM32\dhcpcsvc6.DLL
0x00007ff979970000 - 0x00007ff97998e000 	C:\WINDOWS\SYSTEM32\dhcpcsvc.DLL
0x00007ff9806e0000 - 0x00007ff9807c8000 	C:\WINDOWS\SYSTEM32\DNSAPI.dll

dbghelp: loaded successfully - version: 4.0.5 - missing functions: none
symbol engine: initialized successfully - sym options: 0x614 - pdb path: .;C:\Program Files\Android\Android Studio\jre\bin;C:\WINDOWS\SYSTEM32;C:\WINDOWS\WinSxS\amd64_microsoft.windows.common-controls_6595b64144ccf1df_6.0.22000.120_none_9d947278b86cc467;C:\Program Files\Android\Android Studio\jre\bin\server;C:\Users\DELL\.gradle\native\e1d6ef7f7dcc3fd88c89a11ec53ec762bb8ba0a96d01ffa2cd45eb1d1d8dd5c5\windows-amd64;C:\Users\DELL\.gradle\native\5664cfc778a61ccfe75a443a1ab52a65af34e5dc3c78e0209fed803814484fcb\windows-amd64

VM Arguments:
jvm_args: --add-opens=java.base/java.util=ALL-UNNAMED --add-opens=java.base/java.lang=ALL-UNNAMED --add-opens=java.base/java.lang.invoke=ALL-UNNAMED --add-opens=java.base/java.util=ALL-UNNAMED --add-opens=java.prefs/java.util.prefs=ALL-UNNAMED --add-opens=java.prefs/java.util.prefs=ALL-UNNAMED --add-opens=java.base/java.nio.charset=ALL-UNNAMED --add-opens=java.base/java.net=ALL-UNNAMED --add-opens=java.base/java.util.concurrent.atomic=ALL-UNNAMED -Xmx2048m -Dfile.encoding=UTF-8 -Duser.country=US -Duser.language=en -Duser.variant 
java_command: org.gradle.launcher.daemon.bootstrap.GradleDaemon 7.2
java_class_path (initial): C:\Users\DELL\.gradle\wrapper\dists\gradle-7.2-bin\2dnblmf4td7x66yl1d74lt32g\gradle-7.2\lib\gradle-launcher-7.2.jar
Launcher Type: SUN_STANDARD

[Global flags]
     intx CICompilerCount                          = 4                                         {product} {ergonomic}
     uint ConcGCThreads                            = 2                                         {product} {ergonomic}
     uint G1ConcRefinementThreads                  = 8                                         {product} {ergonomic}
   size_t G1HeapRegionSize                         = 1048576                                   {product} {ergonomic}
    uintx GCDrainStackTargetSize                   = 64                                        {product} {ergonomic}
   size_t InitialHeapSize                          = 268435456                                 {product} {ergonomic}
   size_t MarkStackSize                            = 4194304                                   {product} {ergonomic}
   size_t MaxHeapSize                              = 2147483648                                {product} {command line}
   size_t MaxNewSize                               = 1287651328                                {product} {ergonomic}
   size_t MinHeapDeltaBytes                        = 1048576                                   {product} {ergonomic}
    uintx NonNMethodCodeHeapSize                   = 5836300                                {pd product} {ergonomic}
    uintx NonProfiledCodeHeapSize                  = 122910970                              {pd product} {ergonomic}
    uintx ProfiledCodeHeapSize                     = 122910970                              {pd product} {ergonomic}
    uintx ReservedCodeCacheSize                    = 251658240                              {pd product} {ergonomic}
     bool SegmentedCodeCache                       = true                                      {product} {ergonomic}
     bool UseCompressedClassPointers               = true                                 {lp64_product} {ergonomic}
     bool UseCompressedOops                        = true                                 {lp64_product} {ergonomic}
     bool UseG1GC                                  = true                                      {product} {ergonomic}
     bool UseLargePagesIndividualAllocation        = false                                  {pd product} {ergonomic}

Logging:
Log output configuration:
 #0: stdout all=warning uptime,level,tags
 #1: stderr all=off uptime,level,tags

Environment Variables:
PATH=C:\WINDOWS\system32;C:\WINDOWS;C:\WINDOWS\System32\Wbem;C:\WINDOWS\System32\WindowsPowerShell\v1.0\;C:\WINDOWS\System32\OpenSSH\;C:\Program Files\Microsoft SQL Server\Client SDK\ODBC\170\Tools\Binn\;C:\Program Files (x86)\Microsoft SQL Server\150\Tools\Binn\;C:\Program Files\Microsoft SQL Server\150\Tools\Binn\;C:\Program Files\Microsoft SQL Server\150\DTS\Binn\;C:\Program Files (x86)\Microsoft SQL Server\150\DTS\Binn\;C:\Program Files\Azure Data Studio\bin;C:\Program Files\Microsoft SQL Server\130\Tools\Binn\;C:\Program Files\Microsoft SQL Server\110\Tools\Binn\;C:\Program Files\Microsoft SQL Server\120\Tools\Binn\;C:\Users\DELL\AppData\Local\Programs\Python\Python310\Scripts\;C:\Users\DELL\AppData\Local\Programs\Python\Python310\;C:\Users\DELL\AppData\Local\Microsoft\WindowsApps;;C:\Users\DELL\AppData\Local\Programs\Microsoft VS Code\bin;C:\Program Files\Azure Data Studio\bin
USERNAME=DELL
OS=Windows_NT
PROCESSOR_IDENTIFIER=Intel64 Family 6 Model 142 Stepping 12, GenuineIntel



---------------  S Y S T E M  ---------------

OS: Windows 10 , 64 bit Build 22000 (10.0.22000.675)
OS uptime: 20 days 2:31 hours

CPU:total 8 (initial active 8) (4 cores per cpu, 2 threads per core) family 6 model 142 stepping 12 microcode 0xf0, cmov, cx8, fxsr, mmx, sse, sse2, sse3, ssse3, sse4.1, sse4.2, popcnt, avx, avx2, aes, clmul, erms, 3dnowpref, lzcnt, ht, tsc, tscinvbit, bmi1, bmi2, adx, fma

Memory: 4k page, system-wide physical 16259M (2014M free)
TotalPageFile size 21907M (AvailPageFile size 4M)
current process WorkingSet (physical memory assigned to process): 271M, peak: 271M
current process commit charge ("private bytes"): 438M, peak: 439M

vm_info: OpenJDK 64-Bit Server VM (11.0.11+9-b60-7590822) for windows-amd64 JRE (11.0.11+9-b60-7590822), built on Jul 29 2021 21:43:44 by "builder" with MS VC++ 14.0 (VS2015)

END.
